Copyright 1986-2018 Xilinx, Inc. All Rights Reserved.
-------------------------------------------------------------------------------------------------
| Tool Version              : Vivado v.2018.2 (lin64) Build 2258646 Thu Jun 14 20:02:38 MDT 2018
| Date                      : Tue Oct 13 09:07:55 2020
| Host                      : condor running 64-bit CentOS Linux release 7.3.1611 (Core)
| Command                   : report_io -file MULS_WRAPPER_io_placed.rpt
| Design                    : MULS_WRAPPER
| Device                    : xc7a100t
| Speed File                : -3
| Package                   : csg324
| Package Version           : FINAL 2012-07-17
| Package Pin Delay Version : VERS. 2.0 2012-07-17
-------------------------------------------------------------------------------------------------

IO Information

Table of Contents
-----------------
1. Summary
2. IO Assignments by Package Pin

1. Summary
----------

+---------------+
| Total User IO |
+---------------+
|           193 |
+---------------+


2. IO Assignments by Package Pin
--------------------------------

+------------+--------------+------------+------------------------------+-------------+-------------+---------+------------+------+---------------------+----------------------+---------+------------+-----------+----------+------+------------------+--------------+-------------------+--------------+
| Pin Number | Signal Name  | Bank Type  | Pin Name                     | Use         | IO Standard | IO Bank | Drive (mA) | Slew | On-Chip Termination | Off-Chip Termination | Voltage | Constraint | Pull Type | DQS Bias | Vref | Signal Integrity | Pre Emphasis | Lvds Pre Emphasis | Equalization |
+------------+--------------+------------+------------------------------+-------------+-------------+---------+------------+------+---------------------+----------------------+---------+------------+-----------+----------+------+------------------+--------------+-------------------+--------------+
| A1         | INPUT_2[45]  | High Range | IO_L9N_T1_DQS_AD7N_35        | INPUT       | LVCMOS18*   |      35 |            |      |                     |                 NONE |         | UNFIXED    |           |          |      | NONE             |              |                   |              |
| A2         |              |            | GND                          | GND         |             |         |            |      |                     |                      |     0.0 |            |           |          |      |                  |              |                   |              |
| A3         | INPUT_2[47]  | High Range | IO_L8N_T1_AD14N_35           | INPUT       | LVCMOS18*   |      35 |            |      |                     |                 NONE |         | UNFIXED    |           |          |      | NONE             |              |                   |              |
| A4         | INPUT_2[48]  | High Range | IO_L8P_T1_AD14P_35           | INPUT       | LVCMOS18*   |      35 |            |      |                     |                 NONE |         | UNFIXED    |           |          |      | NONE             |              |                   |              |
| A5         | INPUT_2[57]  | High Range | IO_L3N_T0_DQS_AD5N_35        | INPUT       | LVCMOS18*   |      35 |            |      |                     |                 NONE |         | UNFIXED    |           |          |      | NONE             |              |                   |              |
| A6         | INPUT_2[58]  | High Range | IO_L3P_T0_DQS_AD5P_35        | INPUT       | LVCMOS18*   |      35 |            |      |                     |                 NONE |         | UNFIXED    |           |          |      | NONE             |              |                   |              |
| A7         |              | High Range | VCCO_35                      | VCCO        |             |      35 |            |      |                     |                      |    1.80 |            |           |          |      |                  |              |                   |              |
| A8         |              | High Range | IO_L12N_T1_MRCC_16           | User IO     |             |      16 |            |      |                     |                      |         |            |           |          |      |                  |              |                   |              |
| A9         |              | High Range | IO_L14N_T2_SRCC_16           | User IO     |             |      16 |            |      |                     |                      |         |            |           |          |      |                  |              |                   |              |
| A10        |              | High Range | IO_L14P_T2_SRCC_16           | User IO     |             |      16 |            |      |                     |                      |         |            |           |          |      |                  |              |                   |              |
| A11        | OUTPUT_1[62] | High Range | IO_L4N_T0_15                 | OUTPUT      | LVCMOS18*   |      15 |         12 | SLOW |                     |            FP_VTT_50 |         | UNFIXED    |           |          |      | NONE             |              |                   |              |
| A12        |              |            | GND                          | GND         |             |         |            |      |                     |                      |     0.0 |            |           |          |      |                  |              |                   |              |
| A13        | OUTPUT_1[53] | High Range | IO_L9P_T1_DQS_AD3P_15        | OUTPUT      | LVCMOS18*   |      15 |         12 | SLOW |                     |            FP_VTT_50 |         | UNFIXED    |           |          |      | NONE             |              |                   |              |
| A14        | OUTPUT_1[52] | High Range | IO_L9N_T1_DQS_AD3N_15        | OUTPUT      | LVCMOS18*   |      15 |         12 | SLOW |                     |            FP_VTT_50 |         | UNFIXED    |           |          |      | NONE             |              |                   |              |
| A15        | OUTPUT_1[55] | High Range | IO_L8P_T1_AD10P_15           | OUTPUT      | LVCMOS18*   |      15 |         12 | SLOW |                     |            FP_VTT_50 |         | UNFIXED    |           |          |      | NONE             |              |                   |              |
| A16        | OUTPUT_1[54] | High Range | IO_L8N_T1_AD10N_15           | OUTPUT      | LVCMOS18*   |      15 |         12 | SLOW |                     |            FP_VTT_50 |         | UNFIXED    |           |          |      | NONE             |              |                   |              |
| A17        |              | High Range | VCCO_15                      | VCCO        |             |      15 |            |      |                     |                      |    1.80 |            |           |          |      |                  |              |                   |              |
| A18        | OUTPUT_1[50] | High Range | IO_L10N_T1_AD11N_15          | OUTPUT      | LVCMOS18*   |      15 |         12 | SLOW |                     |            FP_VTT_50 |         | UNFIXED    |           |          |      | NONE             |              |                   |              |
| B1         | INPUT_2[46]  | High Range | IO_L9P_T1_DQS_AD7P_35        | INPUT       | LVCMOS18*   |      35 |            |      |                     |                 NONE |         | UNFIXED    |           |          |      | NONE             |              |                   |              |
| B2         | INPUT_2[43]  | High Range | IO_L10N_T1_AD15N_35          | INPUT       | LVCMOS18*   |      35 |            |      |                     |                 NONE |         | UNFIXED    |           |          |      | NONE             |              |                   |              |
| B3         | INPUT_2[44]  | High Range | IO_L10P_T1_AD15P_35          | INPUT       | LVCMOS18*   |      35 |            |      |                     |                 NONE |         | UNFIXED    |           |          |      | NONE             |              |                   |              |
| B4         | INPUT_2[49]  | High Range | IO_L7N_T1_AD6N_35            | INPUT       | LVCMOS18*   |      35 |            |      |                     |                 NONE |         | UNFIXED    |           |          |      | NONE             |              |                   |              |
| B5         |              |            | GND                          | GND         |             |         |            |      |                     |                      |     0.0 |            |           |          |      |                  |              |                   |              |
| B6         | INPUT_2[59]  | High Range | IO_L2N_T0_AD12N_35           | INPUT       | LVCMOS18*   |      35 |            |      |                     |                 NONE |         | UNFIXED    |           |          |      | NONE             |              |                   |              |
| B7         | INPUT_2[60]  | High Range | IO_L2P_T0_AD12P_35           | INPUT       | LVCMOS18*   |      35 |            |      |                     |                 NONE |         | UNFIXED    |           |          |      | NONE             |              |                   |              |
| B8         |              | High Range | IO_L12P_T1_MRCC_16           | User IO     |             |      16 |            |      |                     |                      |         |            |           |          |      |                  |              |                   |              |
| B9         |              | High Range | IO_L11N_T1_SRCC_16           | User IO     |             |      16 |            |      |                     |                      |         |            |           |          |      |                  |              |                   |              |
| B10        |              | High Range | VCCO_16                      | VCCO        |             |      16 |            |      |                     |                      |   any** |            |           |          |      |                  |              |                   |              |
| B11        | OUTPUT_1[63] | High Range | IO_L4P_T0_15                 | OUTPUT      | LVCMOS18*   |      15 |         12 | SLOW |                     |            FP_VTT_50 |         | UNFIXED    |           |          |      | NONE             |              |                   |              |
| B12        |              | High Range | IO_L3N_T0_DQS_AD1N_15        | User IO     |             |      15 |            |      |                     |                      |         |            |           |          |      |                  |              |                   |              |
| B13        |              | High Range | IO_L2P_T0_AD8P_15            | User IO     |             |      15 |            |      |                     |                      |         |            |           |          |      |                  |              |                   |              |
| B14        |              | High Range | IO_L2N_T0_AD8N_15            | User IO     |             |      15 |            |      |                     |                      |         |            |           |          |      |                  |              |                   |              |
| B15        |              |            | GND                          | GND         |             |         |            |      |                     |                      |     0.0 |            |           |          |      |                  |              |                   |              |
| B16        | OUTPUT_1[57] | High Range | IO_L7P_T1_AD2P_15            | OUTPUT      | LVCMOS18*   |      15 |         12 | SLOW |                     |            FP_VTT_50 |         | UNFIXED    |           |          |      | NONE             |              |                   |              |
| B17        | OUTPUT_1[56] | High Range | IO_L7N_T1_AD2N_15            | OUTPUT      | LVCMOS18*   |      15 |         12 | SLOW |                     |            FP_VTT_50 |         | UNFIXED    |           |          |      | NONE             |              |                   |              |
| B18        | OUTPUT_1[51] | High Range | IO_L10P_T1_AD11P_15          | OUTPUT      | LVCMOS18*   |      15 |         12 | SLOW |                     |            FP_VTT_50 |         | UNFIXED    |           |          |      | NONE             |              |                   |              |
| C1         | INPUT_2[31]  | High Range | IO_L16N_T2_35                | INPUT       | LVCMOS18*   |      35 |            |      |                     |                 NONE |         | UNFIXED    |           |          |      | NONE             |              |                   |              |
| C2         | INPUT_2[32]  | High Range | IO_L16P_T2_35                | INPUT       | LVCMOS18*   |      35 |            |      |                     |                 NONE |         | UNFIXED    |           |          |      | NONE             |              |                   |              |
| C3         |              | High Range | VCCO_35                      | VCCO        |             |      35 |            |      |                     |                      |    1.80 |            |           |          |      |                  |              |                   |              |
| C4         | INPUT_2[50]  | High Range | IO_L7P_T1_AD6P_35            | INPUT       | LVCMOS18*   |      35 |            |      |                     |                 NONE |         | UNFIXED    |           |          |      | NONE             |              |                   |              |
| C5         | INPUT_2[61]  | High Range | IO_L1N_T0_AD4N_35            | INPUT       | LVCMOS18*   |      35 |            |      |                     |                 NONE |         | UNFIXED    |           |          |      | NONE             |              |                   |              |
| C6         | INPUT_2[62]  | High Range | IO_L1P_T0_AD4P_35            | INPUT       | LVCMOS18*   |      35 |            |      |                     |                 NONE |         | UNFIXED    |           |          |      | NONE             |              |                   |              |
| C7         | INPUT_2[55]  | High Range | IO_L4N_T0_35                 | INPUT       | LVCMOS18*   |      35 |            |      |                     |                 NONE |         | UNFIXED    |           |          |      | NONE             |              |                   |              |
| C8         |              |            | GND                          | GND         |             |         |            |      |                     |                      |     0.0 |            |           |          |      |                  |              |                   |              |
| C9         |              | High Range | IO_L11P_T1_SRCC_16           | User IO     |             |      16 |            |      |                     |                      |         |            |           |          |      |                  |              |                   |              |
| C10        |              | High Range | IO_L13N_T2_MRCC_16           | User IO     |             |      16 |            |      |                     |                      |         |            |           |          |      |                  |              |                   |              |
| C11        |              | High Range | IO_L13P_T2_MRCC_16           | User IO     |             |      16 |            |      |                     |                      |         |            |           |          |      |                  |              |                   |              |
| C12        |              | High Range | IO_L3P_T0_DQS_AD1P_15        | User IO     |             |      15 |            |      |                     |                      |         |            |           |          |      |                  |              |                   |              |
| C13        |              | High Range | VCCO_15                      | VCCO        |             |      15 |            |      |                     |                      |    1.80 |            |           |          |      |                  |              |                   |              |
| C14        |              | High Range | IO_L1N_T0_AD0N_15            | User IO     |             |      15 |            |      |                     |                      |         |            |           |          |      |                  |              |                   |              |
| C15        | INPUT_2[25]  | High Range | IO_L12N_T1_MRCC_15           | INPUT       | LVCMOS18*   |      15 |            |      |                     |                 NONE |         | UNFIXED    |           |          |      | NONE             |              |                   |              |
| C16        | INPUT_2[10]  | High Range | IO_L20P_T3_A20_15            | INPUT       | LVCMOS18*   |      15 |            |      |                     |                 NONE |         | UNFIXED    |           |          |      | NONE             |              |                   |              |
| C17        | INPUT_2[9]   | High Range | IO_L20N_T3_A19_15            | INPUT       | LVCMOS18*   |      15 |            |      |                     |                 NONE |         | UNFIXED    |           |          |      | NONE             |              |                   |              |
| C18        |              |            | GND                          | GND         |             |         |            |      |                     |                      |     0.0 |            |           |          |      |                  |              |                   |              |
| D1         |              |            | GND                          | GND         |             |         |            |      |                     |                      |     0.0 |            |           |          |      |                  |              |                   |              |
| D2         | INPUT_2[35]  | High Range | IO_L14N_T2_SRCC_35           | INPUT       | LVCMOS18*   |      35 |            |      |                     |                 NONE |         | UNFIXED    |           |          |      | NONE             |              |                   |              |
| D3         | INPUT_2[39]  | High Range | IO_L12N_T1_MRCC_35           | INPUT       | LVCMOS18*   |      35 |            |      |                     |                 NONE |         | UNFIXED    |           |          |      | NONE             |              |                   |              |
| D4         | INPUT_2[41]  | High Range | IO_L11N_T1_SRCC_35           | INPUT       | LVCMOS18*   |      35 |            |      |                     |                 NONE |         | UNFIXED    |           |          |      | NONE             |              |                   |              |
| D5         | INPUT_2[42]  | High Range | IO_L11P_T1_SRCC_35           | INPUT       | LVCMOS18*   |      35 |            |      |                     |                 NONE |         | UNFIXED    |           |          |      | NONE             |              |                   |              |
| D6         |              | High Range | VCCO_35                      | VCCO        |             |      35 |            |      |                     |                      |    1.80 |            |           |          |      |                  |              |                   |              |
| D7         | INPUT_2[51]  | High Range | IO_L6N_T0_VREF_35            | INPUT       | LVCMOS18*   |      35 |            |      |                     |                 NONE |         | UNFIXED    |           |          |      | NONE             |              |                   |              |
| D8         | INPUT_2[56]  | High Range | IO_L4P_T0_35                 | INPUT       | LVCMOS18*   |      35 |            |      |                     |                 NONE |         | UNFIXED    |           |          |      | NONE             |              |                   |              |
| D9         |              | High Range | IO_L6N_T0_VREF_16            | User IO     |             |      16 |            |      |                     |                      |         |            |           |          |      |                  |              |                   |              |
| D10        |              | High Range | IO_L19N_T3_VREF_16           | User IO     |             |      16 |            |      |                     |                      |         |            |           |          |      |                  |              |                   |              |
| D11        |              |            | GND                          | GND         |             |         |            |      |                     |                      |     0.0 |            |           |          |      |                  |              |                   |              |
| D12        | OUTPUT_1[59] | High Range | IO_L6P_T0_15                 | OUTPUT      | LVCMOS18*   |      15 |         12 | SLOW |                     |            FP_VTT_50 |         | UNFIXED    |           |          |      | NONE             |              |                   |              |
| D13        | OUTPUT_1[58] | High Range | IO_L6N_T0_VREF_15            | OUTPUT      | LVCMOS18*   |      15 |         12 | SLOW |                     |            FP_VTT_50 |         | UNFIXED    |           |          |      | NONE             |              |                   |              |
| D14        |              | High Range | IO_L1P_T0_AD0P_15            | User IO     |             |      15 |            |      |                     |                      |         |            |           |          |      |                  |              |                   |              |
| D15        | INPUT_2[26]  | High Range | IO_L12P_T1_MRCC_15           | INPUT       | LVCMOS18*   |      15 |            |      |                     |                 NONE |         | UNFIXED    |           |          |      | NONE             |              |                   |              |
| D16        |              | High Range | VCCO_15                      | VCCO        |             |      15 |            |      |                     |                      |    1.80 |            |           |          |      |                  |              |                   |              |
| D17        | INPUT_2[17]  | High Range | IO_L16N_T2_A27_15            | INPUT       | LVCMOS18*   |      15 |            |      |                     |                 NONE |         | UNFIXED    |           |          |      | NONE             |              |                   |              |
| D18        | INPUT_2[7]   | High Range | IO_L21N_T3_DQS_A18_15        | INPUT       | LVCMOS18*   |      15 |            |      |                     |                 NONE |         | UNFIXED    |           |          |      | NONE             |              |                   |              |
| E1         | INPUT_1[63]  | High Range | IO_L18N_T2_35                | INPUT       | LVCMOS18*   |      35 |            |      |                     |                 NONE |         | UNFIXED    |           |          |      | NONE             |              |                   |              |
| E2         | INPUT_2[36]  | High Range | IO_L14P_T2_SRCC_35           | INPUT       | LVCMOS18*   |      35 |            |      |                     |                 NONE |         | UNFIXED    |           |          |      | NONE             |              |                   |              |
| E3         | INPUT_2[40]  | High Range | IO_L12P_T1_MRCC_35           | INPUT       | LVCMOS18*   |      35 |            |      |                     |                 NONE |         | UNFIXED    |           |          |      | NONE             |              |                   |              |
| E4         |              |            | GND                          | GND         |             |         |            |      |                     |                      |     0.0 |            |           |          |      |                  |              |                   |              |
| E5         | INPUT_2[53]  | High Range | IO_L5N_T0_AD13N_35           | INPUT       | LVCMOS18*   |      35 |            |      |                     |                 NONE |         | UNFIXED    |           |          |      | NONE             |              |                   |              |
| E6         | INPUT_2[54]  | High Range | IO_L5P_T0_AD13P_35           | INPUT       | LVCMOS18*   |      35 |            |      |                     |                 NONE |         | UNFIXED    |           |          |      | NONE             |              |                   |              |
| E7         | INPUT_2[52]  | High Range | IO_L6P_T0_35                 | INPUT       | LVCMOS18*   |      35 |            |      |                     |                 NONE |         | UNFIXED    |           |          |      | NONE             |              |                   |              |
| E8         |              | Dedicated  | VCCBATT_0                    | Config      |             |       0 |            |      |                     |                      |         |            |           |          |      |                  |              |                   |              |
| E9         |              | Dedicated  | CCLK_0                       | Config      |             |       0 |            |      |                     |                      |         |            |           |          |      |                  |              |                   |              |
| E10        |              | Dedicated  | TCK_0                        | Config      |             |       0 |            |      |                     |                      |         |            |           |          |      |                  |              |                   |              |
| E11        |              | Dedicated  | TDI_0                        | Config      |             |       0 |            |      |                     |                      |         |            |           |          |      |                  |              |                   |              |
| E12        |              | Dedicated  | TMS_0                        | Config      |             |       0 |            |      |                     |                      |         |            |           |          |      |                  |              |                   |              |
| E13        |              | Dedicated  | TDO_0                        | Config      |             |       0 |            |      |                     |                      |         |            |           |          |      |                  |              |                   |              |
| E14        |              |            | GND                          | GND         |             |         |            |      |                     |                      |     0.0 |            |           |          |      |                  |              |                   |              |
| E15        | CLOCK        | High Range | IO_L11P_T1_SRCC_15           | INPUT       | LVCMOS18*   |      15 |            |      |                     |                 NONE |         | UNFIXED    |           |          |      | NONE             |              |                   |              |
| E16        | INPUT_2[27]  | High Range | IO_L11N_T1_SRCC_15           | INPUT       | LVCMOS18*   |      15 |            |      |                     |                 NONE |         | UNFIXED    |           |          |      | NONE             |              |                   |              |
| E17        | INPUT_2[18]  | High Range | IO_L16P_T2_A28_15            | INPUT       | LVCMOS18*   |      15 |            |      |                     |                 NONE |         | UNFIXED    |           |          |      | NONE             |              |                   |              |
| E18        | INPUT_2[8]   | High Range | IO_L21P_T3_DQS_15            | INPUT       | LVCMOS18*   |      15 |            |      |                     |                 NONE |         | UNFIXED    |           |          |      | NONE             |              |                   |              |
| F1         | INPUT_2[28]  | High Range | IO_L18P_T2_35                | INPUT       | LVCMOS18*   |      35 |            |      |                     |                 NONE |         | UNFIXED    |           |          |      | NONE             |              |                   |              |
| F2         |              | High Range | VCCO_35                      | VCCO        |             |      35 |            |      |                     |                      |    1.80 |            |           |          |      |                  |              |                   |              |
| F3         | INPUT_2[37]  | High Range | IO_L13N_T2_MRCC_35           | INPUT       | LVCMOS18*   |      35 |            |      |                     |                 NONE |         | UNFIXED    |           |          |      | NONE             |              |                   |              |
| F4         | INPUT_2[38]  | High Range | IO_L13P_T2_MRCC_35           | INPUT       | LVCMOS18*   |      35 |            |      |                     |                 NONE |         | UNFIXED    |           |          |      | NONE             |              |                   |              |
| F5         | INPUT_2[63]  | High Range | IO_0_35                      | INPUT       | LVCMOS18*   |      35 |            |      |                     |                 NONE |         | UNFIXED    |           |          |      | NONE             |              |                   |              |
| F6         | INPUT_1[61]  | High Range | IO_L19N_T3_VREF_35           | INPUT       | LVCMOS18*   |      35 |            |      |                     |                 NONE |         | UNFIXED    |           |          |      | NONE             |              |                   |              |
| F7         |              |            | GND                          | GND         |             |         |            |      |                     |                      |     0.0 |            |           |          |      |                  |              |                   |              |
| F8         |              |            | VCCINT                       | VCCINT      |             |         |            |      |                     |                      |         |            |           |          |      |                  |              |                   |              |
| F9         |              |            | GND                          | GND         |             |         |            |      |                     |                      |     0.0 |            |           |          |      |                  |              |                   |              |
| F10        |              |            | VCCBRAM                      | VCCBRAM     |             |         |            |      |                     |                      |         |            |           |          |      |                  |              |                   |              |
| F11        |              |            | GND                          | GND         |             |         |            |      |                     |                      |     0.0 |            |           |          |      |                  |              |                   |              |
| F12        |              |            | VCCAUX                       | VCCAUX      |             |         |            |      |                     |                      |    1.80 |            |           |          |      |                  |              |                   |              |
| F13        | OUTPUT_1[61] | High Range | IO_L5P_T0_AD9P_15            | OUTPUT      | LVCMOS18*   |      15 |         12 | SLOW |                     |            FP_VTT_50 |         | UNFIXED    |           |          |      | NONE             |              |                   |              |
| F14        | OUTPUT_1[60] | High Range | IO_L5N_T0_AD9N_15            | OUTPUT      | LVCMOS18*   |      15 |         12 | SLOW |                     |            FP_VTT_50 |         | UNFIXED    |           |          |      | NONE             |              |                   |              |
| F15        | INPUT_2[22]  | High Range | IO_L14P_T2_SRCC_15           | INPUT       | LVCMOS18*   |      15 |            |      |                     |                 NONE |         | UNFIXED    |           |          |      | NONE             |              |                   |              |
| F16        | INPUT_2[21]  | High Range | IO_L14N_T2_SRCC_15           | INPUT       | LVCMOS18*   |      15 |            |      |                     |                 NONE |         | UNFIXED    |           |          |      | NONE             |              |                   |              |
| F17        |              |            | GND                          | GND         |             |         |            |      |                     |                      |     0.0 |            |           |          |      |                  |              |                   |              |
| F18        | INPUT_2[5]   | High Range | IO_L22N_T3_A16_15            | INPUT       | LVCMOS18*   |      15 |            |      |                     |                 NONE |         | UNFIXED    |           |          |      | NONE             |              |                   |              |
| G1         | INPUT_2[29]  | High Range | IO_L17N_T2_35                | INPUT       | LVCMOS18*   |      35 |            |      |                     |                 NONE |         | UNFIXED    |           |          |      | NONE             |              |                   |              |
| G2         | INPUT_2[33]  | High Range | IO_L15N_T2_DQS_35            | INPUT       | LVCMOS18*   |      35 |            |      |                     |                 NONE |         | UNFIXED    |           |          |      | NONE             |              |                   |              |
| G3         | INPUT_1[59]  | High Range | IO_L20N_T3_35                | INPUT       | LVCMOS18*   |      35 |            |      |                     |                 NONE |         | UNFIXED    |           |          |      | NONE             |              |                   |              |
| G4         | INPUT_1[60]  | High Range | IO_L20P_T3_35                | INPUT       | LVCMOS18*   |      35 |            |      |                     |                 NONE |         | UNFIXED    |           |          |      | NONE             |              |                   |              |
| G5         |              | High Range | VCCO_35                      | VCCO        |             |      35 |            |      |                     |                      |    1.80 |            |           |          |      |                  |              |                   |              |
| G6         | INPUT_1[62]  | High Range | IO_L19P_T3_35                | INPUT       | LVCMOS18*   |      35 |            |      |                     |                 NONE |         | UNFIXED    |           |          |      | NONE             |              |                   |              |
| G7         |              |            | VCCINT                       | VCCINT      |             |         |            |      |                     |                      |         |            |           |          |      |                  |              |                   |              |
| G8         |              |            | GND                          | GND         |             |         |            |      |                     |                      |     0.0 |            |           |          |      |                  |              |                   |              |
| G9         |              |            | VCCINT                       | VCCINT      |             |         |            |      |                     |                      |         |            |           |          |      |                  |              |                   |              |
| G10        |              |            | GND                          | GND         |             |         |            |      |                     |                      |     0.0 |            |           |          |      |                  |              |                   |              |
| G11        |              |            | VCCBRAM                      | VCCBRAM     |             |         |            |      |                     |                      |         |            |           |          |      |                  |              |                   |              |
| G12        |              |            | GND                          | GND         |             |         |            |      |                     |                      |     0.0 |            |           |          |      |                  |              |                   |              |
| G13        |              | High Range | IO_0_15                      | User IO     |             |      15 |            |      |                     |                      |         |            |           |          |      |                  |              |                   |              |
| G14        | INPUT_2[19]  | High Range | IO_L15N_T2_DQS_ADV_B_15      | INPUT       | LVCMOS18*   |      15 |            |      |                     |                 NONE |         | UNFIXED    |           |          |      | NONE             |              |                   |              |
| G15        |              | High Range | VCCO_15                      | VCCO        |             |      15 |            |      |                     |                      |    1.80 |            |           |          |      |                  |              |                   |              |
| G16        | INPUT_2[23]  | High Range | IO_L13N_T2_MRCC_15           | INPUT       | LVCMOS18*   |      15 |            |      |                     |                 NONE |         | UNFIXED    |           |          |      | NONE             |              |                   |              |
| G17        | INPUT_2[13]  | High Range | IO_L18N_T2_A23_15            | INPUT       | LVCMOS18*   |      15 |            |      |                     |                 NONE |         | UNFIXED    |           |          |      | NONE             |              |                   |              |
| G18        | INPUT_2[6]   | High Range | IO_L22P_T3_A17_15            | INPUT       | LVCMOS18*   |      15 |            |      |                     |                 NONE |         | UNFIXED    |           |          |      | NONE             |              |                   |              |
| H1         | INPUT_2[30]  | High Range | IO_L17P_T2_35                | INPUT       | LVCMOS18*   |      35 |            |      |                     |                 NONE |         | UNFIXED    |           |          |      | NONE             |              |                   |              |
| H2         | INPUT_2[34]  | High Range | IO_L15P_T2_DQS_35            | INPUT       | LVCMOS18*   |      35 |            |      |                     |                 NONE |         | UNFIXED    |           |          |      | NONE             |              |                   |              |
| H3         |              |            | GND                          | GND         |             |         |            |      |                     |                      |     0.0 |            |           |          |      |                  |              |                   |              |
| H4         | INPUT_1[57]  | High Range | IO_L21N_T3_DQS_35            | INPUT       | LVCMOS18*   |      35 |            |      |                     |                 NONE |         | UNFIXED    |           |          |      | NONE             |              |                   |              |
| H5         | INPUT_1[51]  | High Range | IO_L24N_T3_35                | INPUT       | LVCMOS18*   |      35 |            |      |                     |                 NONE |         | UNFIXED    |           |          |      | NONE             |              |                   |              |
| H6         | INPUT_1[52]  | High Range | IO_L24P_T3_35                | INPUT       | LVCMOS18*   |      35 |            |      |                     |                 NONE |         | UNFIXED    |           |          |      | NONE             |              |                   |              |
| H7         |              |            | GND                          | GND         |             |         |            |      |                     |                      |     0.0 |            |           |          |      |                  |              |                   |              |
| H8         |              |            | VCCINT                       | VCCINT      |             |         |            |      |                     |                      |         |            |           |          |      |                  |              |                   |              |
| H9         |              | Dedicated  | GNDADC_0                     | XADC        |             |       0 |            |      |                     |                      |         |            |           |          |      |                  |              |                   |              |
| H10        |              | Dedicated  | VCCADC_0                     | XADC        |             |       0 |            |      |                     |                      |         |            |           |          |      |                  |              |                   |              |
| H11        |              |            | GND                          | GND         |             |         |            |      |                     |                      |     0.0 |            |           |          |      |                  |              |                   |              |
| H12        |              |            | VCCAUX                       | VCCAUX      |             |         |            |      |                     |                      |    1.80 |            |           |          |      |                  |              |                   |              |
| H13        |              |            | GND                          | GND         |             |         |            |      |                     |                      |     0.0 |            |           |          |      |                  |              |                   |              |
| H14        | INPUT_2[20]  | High Range | IO_L15P_T2_DQS_15            | INPUT       | LVCMOS18*   |      15 |            |      |                     |                 NONE |         | UNFIXED    |           |          |      | NONE             |              |                   |              |
| H15        | INPUT_2[11]  | High Range | IO_L19N_T3_A21_VREF_15       | INPUT       | LVCMOS18*   |      15 |            |      |                     |                 NONE |         | UNFIXED    |           |          |      | NONE             |              |                   |              |
| H16        | INPUT_2[24]  | High Range | IO_L13P_T2_MRCC_15           | INPUT       | LVCMOS18*   |      15 |            |      |                     |                 NONE |         | UNFIXED    |           |          |      | NONE             |              |                   |              |
| H17        | INPUT_2[14]  | High Range | IO_L18P_T2_A24_15            | INPUT       | LVCMOS18*   |      15 |            |      |                     |                 NONE |         | UNFIXED    |           |          |      | NONE             |              |                   |              |
| H18        |              | High Range | VCCO_15                      | VCCO        |             |      15 |            |      |                     |                      |    1.80 |            |           |          |      |                  |              |                   |              |
| J1         |              | High Range | VCCO_35                      | VCCO        |             |      35 |            |      |                     |                      |    1.80 |            |           |          |      |                  |              |                   |              |
| J2         | INPUT_1[55]  | High Range | IO_L22N_T3_35                | INPUT       | LVCMOS18*   |      35 |            |      |                     |                 NONE |         | UNFIXED    |           |          |      | NONE             |              |                   |              |
| J3         | INPUT_1[56]  | High Range | IO_L22P_T3_35                | INPUT       | LVCMOS18*   |      35 |            |      |                     |                 NONE |         | UNFIXED    |           |          |      | NONE             |              |                   |              |
| J4         | INPUT_1[58]  | High Range | IO_L21P_T3_DQS_35            | INPUT       | LVCMOS18*   |      35 |            |      |                     |                 NONE |         | UNFIXED    |           |          |      | NONE             |              |                   |              |
| J5         | INPUT_1[50]  | High Range | IO_25_35                     | INPUT       | LVCMOS18*   |      35 |            |      |                     |                 NONE |         | UNFIXED    |           |          |      | NONE             |              |                   |              |
| J6         |              |            | GND                          | GND         |             |         |            |      |                     |                      |     0.0 |            |           |          |      |                  |              |                   |              |
| J7         |              |            | VCCINT                       | VCCINT      |             |         |            |      |                     |                      |         |            |           |          |      |                  |              |                   |              |
| J8         |              |            | GND                          | GND         |             |         |            |      |                     |                      |     0.0 |            |           |          |      |                  |              |                   |              |
| J9         |              | Dedicated  | VREFN_0                      | XADC        |             |       0 |            |      |                     |                      |         |            |           |          |      |                  |              |                   |              |
| J10        |              | Dedicated  | VP_0                         | XADC        |             |       0 |            |      |                     |                      |         |            |           |          |      |                  |              |                   |              |
| J11        |              |            | VCCINT                       | VCCINT      |             |         |            |      |                     |                      |         |            |           |          |      |                  |              |                   |              |
| J12        |              |            | GND                          | GND         |             |         |            |      |                     |                      |     0.0 |            |           |          |      |                  |              |                   |              |
| J13        | INPUT_2[15]  | High Range | IO_L17N_T2_A25_15            | INPUT       | LVCMOS18*   |      15 |            |      |                     |                 NONE |         | UNFIXED    |           |          |      | NONE             |              |                   |              |
| J14        | INPUT_2[12]  | High Range | IO_L19P_T3_A22_15            | INPUT       | LVCMOS18*   |      15 |            |      |                     |                 NONE |         | UNFIXED    |           |          |      | NONE             |              |                   |              |
| J15        | INPUT_2[1]   | High Range | IO_L24N_T3_RS0_15            | INPUT       | LVCMOS18*   |      15 |            |      |                     |                 NONE |         | UNFIXED    |           |          |      | NONE             |              |                   |              |
| J16        |              |            | GND                          | GND         |             |         |            |      |                     |                      |     0.0 |            |           |          |      |                  |              |                   |              |
| J17        | INPUT_2[4]   | High Range | IO_L23P_T3_FOE_B_15          | INPUT       | LVCMOS18*   |      15 |            |      |                     |                 NONE |         | UNFIXED    |           |          |      | NONE             |              |                   |              |
| J18        | INPUT_2[3]   | High Range | IO_L23N_T3_FWE_B_15          | INPUT       | LVCMOS18*   |      15 |            |      |                     |                 NONE |         | UNFIXED    |           |          |      | NONE             |              |                   |              |
| K1         | INPUT_1[53]  | High Range | IO_L23N_T3_35                | INPUT       | LVCMOS18*   |      35 |            |      |                     |                 NONE |         | UNFIXED    |           |          |      | NONE             |              |                   |              |
| K2         | INPUT_1[54]  | High Range | IO_L23P_T3_35                | INPUT       | LVCMOS18*   |      35 |            |      |                     |                 NONE |         | UNFIXED    |           |          |      | NONE             |              |                   |              |
| K3         | INPUT_1[46]  | High Range | IO_L2P_T0_34                 | INPUT       | LVCMOS18*   |      34 |            |      |                     |                 NONE |         | UNFIXED    |           |          |      | NONE             |              |                   |              |
| K4         |              | High Range | VCCO_34                      | VCCO        |             |      34 |            |      |                     |                      |    1.80 |            |           |          |      |                  |              |                   |              |
| K5         | INPUT_1[40]  | High Range | IO_L5P_T0_34                 | INPUT       | LVCMOS18*   |      34 |            |      |                     |                 NONE |         | UNFIXED    |           |          |      | NONE             |              |                   |              |
| K6         | INPUT_1[49]  | High Range | IO_0_34                      | INPUT       | LVCMOS18*   |      34 |            |      |                     |                 NONE |         | UNFIXED    |           |          |      | NONE             |              |                   |              |
| K7         |              |            | GND                          | GND         |             |         |            |      |                     |                      |     0.0 |            |           |          |      |                  |              |                   |              |
| K8         |              |            | VCCINT                       | VCCINT      |             |         |            |      |                     |                      |         |            |           |          |      |                  |              |                   |              |
| K9         |              | Dedicated  | VN_0                         | XADC        |             |       0 |            |      |                     |                      |         |            |           |          |      |                  |              |                   |              |
| K10        |              | Dedicated  | VREFP_0                      | XADC        |             |       0 |            |      |                     |                      |         |            |           |          |      |                  |              |                   |              |
| K11        |              |            | GND                          | GND         |             |         |            |      |                     |                      |     0.0 |            |           |          |      |                  |              |                   |              |
| K12        |              |            | VCCAUX                       | VCCAUX      |             |         |            |      |                     |                      |    1.80 |            |           |          |      |                  |              |                   |              |
| K13        | INPUT_2[16]  | High Range | IO_L17P_T2_A26_15            | INPUT       | LVCMOS18*   |      15 |            |      |                     |                 NONE |         | UNFIXED    |           |          |      | NONE             |              |                   |              |
| K14        |              | High Range | VCCO_15                      | VCCO        |             |      15 |            |      |                     |                      |    1.80 |            |           |          |      |                  |              |                   |              |
| K15        | INPUT_2[2]   | High Range | IO_L24P_T3_RS1_15            | INPUT       | LVCMOS18*   |      15 |            |      |                     |                 NONE |         | UNFIXED    |           |          |      | NONE             |              |                   |              |
| K16        | INPUT_2[0]   | High Range | IO_25_15                     | INPUT       | LVCMOS18*   |      15 |            |      |                     |                 NONE |         | UNFIXED    |           |          |      | NONE             |              |                   |              |
| K17        | OUTPUT_1[48] | High Range | IO_L1P_T0_D00_MOSI_14        | OUTPUT      | LVCMOS18*   |      14 |         12 | SLOW |                     |            FP_VTT_50 |         | UNFIXED    |           |          |      | NONE             |              |                   |              |
| K18        | OUTPUT_1[47] | High Range | IO_L1N_T0_D01_DIN_14         | OUTPUT      | LVCMOS18*   |      14 |         12 | SLOW |                     |            FP_VTT_50 |         | UNFIXED    |           |          |      | NONE             |              |                   |              |
| L1         | INPUT_1[48]  | High Range | IO_L1P_T0_34                 | INPUT       | LVCMOS18*   |      34 |            |      |                     |                 NONE |         | UNFIXED    |           |          |      | NONE             |              |                   |              |
| L2         |              |            | GND                          | GND         |             |         |            |      |                     |                      |     0.0 |            |           |          |      |                  |              |                   |              |
| L3         | INPUT_1[45]  | High Range | IO_L2N_T0_34                 | INPUT       | LVCMOS18*   |      34 |            |      |                     |                 NONE |         | UNFIXED    |           |          |      | NONE             |              |                   |              |
| L4         | INPUT_1[39]  | High Range | IO_L5N_T0_34                 | INPUT       | LVCMOS18*   |      34 |            |      |                     |                 NONE |         | UNFIXED    |           |          |      | NONE             |              |                   |              |
| L5         | INPUT_1[37]  | High Range | IO_L6N_T0_VREF_34            | INPUT       | LVCMOS18*   |      34 |            |      |                     |                 NONE |         | UNFIXED    |           |          |      | NONE             |              |                   |              |
| L6         | INPUT_1[38]  | High Range | IO_L6P_T0_34                 | INPUT       | LVCMOS18*   |      34 |            |      |                     |                 NONE |         | UNFIXED    |           |          |      | NONE             |              |                   |              |
| L7         |              |            | VCCINT                       | VCCINT      |             |         |            |      |                     |                      |         |            |           |          |      |                  |              |                   |              |
| L8         |              |            | GND                          | GND         |             |         |            |      |                     |                      |     0.0 |            |           |          |      |                  |              |                   |              |
| L9         |              | Dedicated  | DXN_0                        | Temp Sensor |             |       0 |            |      |                     |                      |         |            |           |          |      |                  |              |                   |              |
| L10        |              | Dedicated  | DXP_0                        | Temp Sensor |             |       0 |            |      |                     |                      |         |            |           |          |      |                  |              |                   |              |
| L11        |              |            | VCCINT                       | VCCINT      |             |         |            |      |                     |                      |         |            |           |          |      |                  |              |                   |              |
| L12        |              |            | GND                          | GND         |             |         |            |      |                     |                      |     0.0 |            |           |          |      |                  |              |                   |              |
| L13        | OUTPUT_1[38] | High Range | IO_L6P_T0_FCS_B_14           | OUTPUT      | LVCMOS18*   |      14 |         12 | SLOW |                     |            FP_VTT_50 |         | UNFIXED    |           |          |      | NONE             |              |                   |              |
| L14        | OUTPUT_1[46] | High Range | IO_L2P_T0_D02_14             | OUTPUT      | LVCMOS18*   |      14 |         12 | SLOW |                     |            FP_VTT_50 |         | UNFIXED    |           |          |      | NONE             |              |                   |              |
| L15        | OUTPUT_1[44] | High Range | IO_L3P_T0_DQS_PUDC_B_14      | OUTPUT      | LVCMOS18*   |      14 |         12 | SLOW |                     |            FP_VTT_50 |         | UNFIXED    |           |          |      | NONE             |              |                   |              |
| L16        | OUTPUT_1[43] | High Range | IO_L3N_T0_DQS_EMCCLK_14      | OUTPUT      | LVCMOS18*   |      14 |         12 | SLOW |                     |            FP_VTT_50 |         | UNFIXED    |           |          |      | NONE             |              |                   |              |
| L17        |              | High Range | VCCO_14                      | VCCO        |             |      14 |            |      |                     |                      |    1.80 |            |           |          |      |                  |              |                   |              |
| L18        | OUTPUT_1[42] | High Range | IO_L4P_T0_D04_14             | OUTPUT      | LVCMOS18*   |      14 |         12 | SLOW |                     |            FP_VTT_50 |         | UNFIXED    |           |          |      | NONE             |              |                   |              |
| M1         | INPUT_1[47]  | High Range | IO_L1N_T0_34                 | INPUT       | LVCMOS18*   |      34 |            |      |                     |                 NONE |         | UNFIXED    |           |          |      | NONE             |              |                   |              |
| M2         | INPUT_1[41]  | High Range | IO_L4N_T0_34                 | INPUT       | LVCMOS18*   |      34 |            |      |                     |                 NONE |         | UNFIXED    |           |          |      | NONE             |              |                   |              |
| M3         | INPUT_1[42]  | High Range | IO_L4P_T0_34                 | INPUT       | LVCMOS18*   |      34 |            |      |                     |                 NONE |         | UNFIXED    |           |          |      | NONE             |              |                   |              |
| M4         | INPUT_1[18]  | High Range | IO_L16P_T2_34                | INPUT       | LVCMOS18*   |      34 |            |      |                     |                 NONE |         | UNFIXED    |           |          |      | NONE             |              |                   |              |
| M5         |              |            | GND                          | GND         |             |         |            |      |                     |                      |     0.0 |            |           |          |      |                  |              |                   |              |
| M6         | INPUT_1[14]  | High Range | IO_L18P_T2_34                | INPUT       | LVCMOS18*   |      34 |            |      |                     |                 NONE |         | UNFIXED    |           |          |      | NONE             |              |                   |              |
| M7         |              |            | GND                          | GND         |             |         |            |      |                     |                      |     0.0 |            |           |          |      |                  |              |                   |              |
| M8         |              |            | VCCINT                       | VCCINT      |             |         |            |      |                     |                      |         |            |           |          |      |                  |              |                   |              |
| M9         |              |            | GND                          | GND         |             |         |            |      |                     |                      |     0.0 |            |           |          |      |                  |              |                   |              |
| M10        |              |            | VCCINT                       | VCCINT      |             |         |            |      |                     |                      |         |            |           |          |      |                  |              |                   |              |
| M11        |              |            | GND                          | GND         |             |         |            |      |                     |                      |     0.0 |            |           |          |      |                  |              |                   |              |
| M12        |              |            | VCCAUX                       | VCCAUX      |             |         |            |      |                     |                      |    1.80 |            |           |          |      |                  |              |                   |              |
| M13        | OUTPUT_1[37] | High Range | IO_L6N_T0_D08_VREF_14        | OUTPUT      | LVCMOS18*   |      14 |         12 | SLOW |                     |            FP_VTT_50 |         | UNFIXED    |           |          |      | NONE             |              |                   |              |
| M14        | OUTPUT_1[45] | High Range | IO_L2N_T0_D03_14             | OUTPUT      | LVCMOS18*   |      14 |         12 | SLOW |                     |            FP_VTT_50 |         | UNFIXED    |           |          |      | NONE             |              |                   |              |
| M15        |              |            | GND                          | GND         |             |         |            |      |                     |                      |     0.0 |            |           |          |      |                  |              |                   |              |
| M16        | OUTPUT_1[30] | High Range | IO_L10P_T1_D14_14            | OUTPUT      | LVCMOS18*   |      14 |         12 | SLOW |                     |            FP_VTT_50 |         | UNFIXED    |           |          |      | NONE             |              |                   |              |
| M17        | OUTPUT_1[29] | High Range | IO_L10N_T1_D15_14            | OUTPUT      | LVCMOS18*   |      14 |         12 | SLOW |                     |            FP_VTT_50 |         | UNFIXED    |           |          |      | NONE             |              |                   |              |
| M18        | OUTPUT_1[41] | High Range | IO_L4N_T0_D05_14             | OUTPUT      | LVCMOS18*   |      14 |         12 | SLOW |                     |            FP_VTT_50 |         | UNFIXED    |           |          |      | NONE             |              |                   |              |
| N1         | INPUT_1[43]  | High Range | IO_L3N_T0_DQS_34             | INPUT       | LVCMOS18*   |      34 |            |      |                     |                 NONE |         | UNFIXED    |           |          |      | NONE             |              |                   |              |
| N2         | INPUT_1[44]  | High Range | IO_L3P_T0_DQS_34             | INPUT       | LVCMOS18*   |      34 |            |      |                     |                 NONE |         | UNFIXED    |           |          |      | NONE             |              |                   |              |
| N3         |              | High Range | VCCO_34                      | VCCO        |             |      34 |            |      |                     |                      |    1.80 |            |           |          |      |                  |              |                   |              |
| N4         | INPUT_1[17]  | High Range | IO_L16N_T2_34                | INPUT       | LVCMOS18*   |      34 |            |      |                     |                 NONE |         | UNFIXED    |           |          |      | NONE             |              |                   |              |
| N5         | INPUT_1[24]  | High Range | IO_L13P_T2_MRCC_34           | INPUT       | LVCMOS18*   |      34 |            |      |                     |                 NONE |         | UNFIXED    |           |          |      | NONE             |              |                   |              |
| N6         | INPUT_1[13]  | High Range | IO_L18N_T2_34                | INPUT       | LVCMOS18*   |      34 |            |      |                     |                 NONE |         | UNFIXED    |           |          |      | NONE             |              |                   |              |
| N7         |              |            | VCCINT                       | VCCINT      |             |         |            |      |                     |                      |         |            |           |          |      |                  |              |                   |              |
| N8         |              |            | GND                          | GND         |             |         |            |      |                     |                      |     0.0 |            |           |          |      |                  |              |                   |              |
| N9         |              |            | VCCINT                       | VCCINT      |             |         |            |      |                     |                      |         |            |           |          |      |                  |              |                   |              |
| N10        |              |            | GND                          | GND         |             |         |            |      |                     |                      |     0.0 |            |           |          |      |                  |              |                   |              |
| N11        |              |            | VCCINT                       | VCCINT      |             |         |            |      |                     |                      |         |            |           |          |      |                  |              |                   |              |
| N12        |              |            | GND                          | GND         |             |         |            |      |                     |                      |     0.0 |            |           |          |      |                  |              |                   |              |
| N13        |              | High Range | VCCO_14                      | VCCO        |             |      14 |            |      |                     |                      |    1.80 |            |           |          |      |                  |              |                   |              |
| N14        | OUTPUT_1[34] | High Range | IO_L8P_T1_D11_14             | OUTPUT      | LVCMOS18*   |      14 |         12 | SLOW |                     |            FP_VTT_50 |         | UNFIXED    |           |          |      | NONE             |              |                   |              |
| N15        | OUTPUT_1[28] | High Range | IO_L11P_T1_SRCC_14           | OUTPUT      | LVCMOS18*   |      14 |         12 | SLOW |                     |            FP_VTT_50 |         | UNFIXED    |           |          |      | NONE             |              |                   |              |
| N16        | OUTPUT_1[27] | High Range | IO_L11N_T1_SRCC_14           | OUTPUT      | LVCMOS18*   |      14 |         12 | SLOW |                     |            FP_VTT_50 |         | UNFIXED    |           |          |      | NONE             |              |                   |              |
| N17        | OUTPUT_1[32] | High Range | IO_L9P_T1_DQS_14             | OUTPUT      | LVCMOS18*   |      14 |         12 | SLOW |                     |            FP_VTT_50 |         | UNFIXED    |           |          |      | NONE             |              |                   |              |
| N18        |              |            | GND                          | GND         |             |         |            |      |                     |                      |     0.0 |            |           |          |      |                  |              |                   |              |
| P1         |              |            | GND                          | GND         |             |         |            |      |                     |                      |     0.0 |            |           |          |      |                  |              |                   |              |
| P2         | INPUT_1[20]  | High Range | IO_L15P_T2_DQS_34            | INPUT       | LVCMOS18*   |      34 |            |      |                     |                 NONE |         | UNFIXED    |           |          |      | NONE             |              |                   |              |
| P3         | INPUT_1[21]  | High Range | IO_L14N_T2_SRCC_34           | INPUT       | LVCMOS18*   |      34 |            |      |                     |                 NONE |         | UNFIXED    |           |          |      | NONE             |              |                   |              |
| P4         | INPUT_1[22]  | High Range | IO_L14P_T2_SRCC_34           | INPUT       | LVCMOS18*   |      34 |            |      |                     |                 NONE |         | UNFIXED    |           |          |      | NONE             |              |                   |              |
| P5         | INPUT_1[23]  | High Range | IO_L13N_T2_MRCC_34           | INPUT       | LVCMOS18*   |      34 |            |      |                     |                 NONE |         | UNFIXED    |           |          |      | NONE             |              |                   |              |
| P6         |              | High Range | VCCO_34                      | VCCO        |             |      34 |            |      |                     |                      |    1.80 |            |           |          |      |                  |              |                   |              |
| P7         |              | Dedicated  | INIT_B_0                     | Config      |             |       0 |            |      |                     |                      |         |            |           |          |      |                  |              |                   |              |
| P8         |              | Dedicated  | CFGBVS_0                     | Config      |             |       0 |            |      |                     |                      |         |            |           |          |      |                  |              |                   |              |
| P9         |              | Dedicated  | PROGRAM_B_0                  | Config      |             |       0 |            |      |                     |                      |         |            |           |          |      |                  |              |                   |              |
| P10        |              | Dedicated  | DONE_0                       | Config      |             |       0 |            |      |                     |                      |         |            |           |          |      |                  |              |                   |              |
| P11        |              | Dedicated  | M2_0                         | Config      |             |       0 |            |      |                     |                      |         |            |           |          |      |                  |              |                   |              |
| P12        |              | Dedicated  | M0_0                         | Config      |             |       0 |            |      |                     |                      |         |            |           |          |      |                  |              |                   |              |
| P13        |              | Dedicated  | M1_0                         | Config      |             |       0 |            |      |                     |                      |         |            |           |          |      |                  |              |                   |              |
| P14        | OUTPUT_1[33] | High Range | IO_L8N_T1_D12_14             | OUTPUT      | LVCMOS18*   |      14 |         12 | SLOW |                     |            FP_VTT_50 |         | UNFIXED    |           |          |      | NONE             |              |                   |              |
| P15        | OUTPUT_1[24] | High Range | IO_L13P_T2_MRCC_14           | OUTPUT      | LVCMOS18*   |      14 |         12 | SLOW |                     |            FP_VTT_50 |         | UNFIXED    |           |          |      | NONE             |              |                   |              |
| P16        |              | High Range | VCCO_14                      | VCCO        |             |      14 |            |      |                     |                      |    1.80 |            |           |          |      |                  |              |                   |              |
| P17        | OUTPUT_1[26] | High Range | IO_L12P_T1_MRCC_14           | OUTPUT      | LVCMOS18*   |      14 |         12 | SLOW |                     |            FP_VTT_50 |         | UNFIXED    |           |          |      | NONE             |              |                   |              |
| P18        | OUTPUT_1[31] | High Range | IO_L9N_T1_DQS_D13_14         | OUTPUT      | LVCMOS18*   |      14 |         12 | SLOW |                     |            FP_VTT_50 |         | UNFIXED    |           |          |      | NONE             |              |                   |              |
| R1         | INPUT_1[16]  | High Range | IO_L17P_T2_34                | INPUT       | LVCMOS18*   |      34 |            |      |                     |                 NONE |         | UNFIXED    |           |          |      | NONE             |              |                   |              |
| R2         | INPUT_1[19]  | High Range | IO_L15N_T2_DQS_34            | INPUT       | LVCMOS18*   |      34 |            |      |                     |                 NONE |         | UNFIXED    |           |          |      | NONE             |              |                   |              |
| R3         | INPUT_1[28]  | High Range | IO_L11P_T1_SRCC_34           | INPUT       | LVCMOS18*   |      34 |            |      |                     |                 NONE |         | UNFIXED    |           |          |      | NONE             |              |                   |              |
| R4         |              |            | GND                          | GND         |             |         |            |      |                     |                      |     0.0 |            |           |          |      |                  |              |                   |              |
| R5         | INPUT_1[11]  | High Range | IO_L19N_T3_VREF_34           | INPUT       | LVCMOS18*   |      34 |            |      |                     |                 NONE |         | UNFIXED    |           |          |      | NONE             |              |                   |              |
| R6         | INPUT_1[12]  | High Range | IO_L19P_T3_34                | INPUT       | LVCMOS18*   |      34 |            |      |                     |                 NONE |         | UNFIXED    |           |          |      | NONE             |              |                   |              |
| R7         | INPUT_1[4]   | High Range | IO_L23P_T3_34                | INPUT       | LVCMOS18*   |      34 |            |      |                     |                 NONE |         | UNFIXED    |           |          |      | NONE             |              |                   |              |
| R8         | INPUT_1[2]   | High Range | IO_L24P_T3_34                | INPUT       | LVCMOS18*   |      34 |            |      |                     |                 NONE |         | UNFIXED    |           |          |      | NONE             |              |                   |              |
| R9         |              | Dedicated  | VCCO_0                       | VCCO        |             |       0 |            |      |                     |                      |   any** |            |           |          |      |                  |              |                   |              |
| R10        | OUTPUT_1[0]  | High Range | IO_25_14                     | OUTPUT      | LVCMOS18*   |      14 |         12 | SLOW |                     |            FP_VTT_50 |         | UNFIXED    |           |          |      | NONE             |              |                   |              |
| R11        | OUTPUT_1[49] | High Range | IO_0_14                      | OUTPUT      | LVCMOS18*   |      14 |         12 | SLOW |                     |            FP_VTT_50 |         | UNFIXED    |           |          |      | NONE             |              |                   |              |
| R12        | OUTPUT_1[40] | High Range | IO_L5P_T0_D06_14             | OUTPUT      | LVCMOS18*   |      14 |         12 | SLOW |                     |            FP_VTT_50 |         | UNFIXED    |           |          |      | NONE             |              |                   |              |
| R13        | OUTPUT_1[39] | High Range | IO_L5N_T0_D07_14             | OUTPUT      | LVCMOS18*   |      14 |         12 | SLOW |                     |            FP_VTT_50 |         | UNFIXED    |           |          |      | NONE             |              |                   |              |
| R14        |              |            | GND                          | GND         |             |         |            |      |                     |                      |     0.0 |            |           |          |      |                  |              |                   |              |
| R15        | OUTPUT_1[23] | High Range | IO_L13N_T2_MRCC_14           | OUTPUT      | LVCMOS18*   |      14 |         12 | SLOW |                     |            FP_VTT_50 |         | UNFIXED    |           |          |      | NONE             |              |                   |              |
| R16        | OUTPUT_1[20] | High Range | IO_L15P_T2_DQS_RDWR_B_14     | OUTPUT      | LVCMOS18*   |      14 |         12 | SLOW |                     |            FP_VTT_50 |         | UNFIXED    |           |          |      | NONE             |              |                   |              |
| R17        | OUTPUT_1[25] | High Range | IO_L12N_T1_MRCC_14           | OUTPUT      | LVCMOS18*   |      14 |         12 | SLOW |                     |            FP_VTT_50 |         | UNFIXED    |           |          |      | NONE             |              |                   |              |
| R18        | OUTPUT_1[36] | High Range | IO_L7P_T1_D09_14             | OUTPUT      | LVCMOS18*   |      14 |         12 | SLOW |                     |            FP_VTT_50 |         | UNFIXED    |           |          |      | NONE             |              |                   |              |
| T1         | INPUT_1[15]  | High Range | IO_L17N_T2_34                | INPUT       | LVCMOS18*   |      34 |            |      |                     |                 NONE |         | UNFIXED    |           |          |      | NONE             |              |                   |              |
| T2         |              | High Range | VCCO_34                      | VCCO        |             |      34 |            |      |                     |                      |    1.80 |            |           |          |      |                  |              |                   |              |
| T3         | INPUT_1[27]  | High Range | IO_L11N_T1_SRCC_34           | INPUT       | LVCMOS18*   |      34 |            |      |                     |                 NONE |         | UNFIXED    |           |          |      | NONE             |              |                   |              |
| T4         | INPUT_1[25]  | High Range | IO_L12N_T1_MRCC_34           | INPUT       | LVCMOS18*   |      34 |            |      |                     |                 NONE |         | UNFIXED    |           |          |      | NONE             |              |                   |              |
| T5         | INPUT_1[26]  | High Range | IO_L12P_T1_MRCC_34           | INPUT       | LVCMOS18*   |      34 |            |      |                     |                 NONE |         | UNFIXED    |           |          |      | NONE             |              |                   |              |
| T6         | INPUT_1[3]   | High Range | IO_L23N_T3_34                | INPUT       | LVCMOS18*   |      34 |            |      |                     |                 NONE |         | UNFIXED    |           |          |      | NONE             |              |                   |              |
| T7         |              |            | GND                          | GND         |             |         |            |      |                     |                      |     0.0 |            |           |          |      |                  |              |                   |              |
| T8         | INPUT_1[1]   | High Range | IO_L24N_T3_34                | INPUT       | LVCMOS18*   |      34 |            |      |                     |                 NONE |         | UNFIXED    |           |          |      | NONE             |              |                   |              |
| T9         | OUTPUT_1[2]  | High Range | IO_L24P_T3_A01_D17_14        | OUTPUT      | LVCMOS18*   |      14 |         12 | SLOW |                     |            FP_VTT_50 |         | UNFIXED    |           |          |      | NONE             |              |                   |              |
| T10        | OUTPUT_1[1]  | High Range | IO_L24N_T3_A00_D16_14        | OUTPUT      | LVCMOS18*   |      14 |         12 | SLOW |                     |            FP_VTT_50 |         | UNFIXED    |           |          |      | NONE             |              |                   |              |
| T11        | OUTPUT_1[12] | High Range | IO_L19P_T3_A10_D26_14        | OUTPUT      | LVCMOS18*   |      14 |         12 | SLOW |                     |            FP_VTT_50 |         | UNFIXED    |           |          |      | NONE             |              |                   |              |
| T12        |              | High Range | VCCO_14                      | VCCO        |             |      14 |            |      |                     |                      |    1.80 |            |           |          |      |                  |              |                   |              |
| T13        | OUTPUT_1[4]  | High Range | IO_L23P_T3_A03_D19_14        | OUTPUT      | LVCMOS18*   |      14 |         12 | SLOW |                     |            FP_VTT_50 |         | UNFIXED    |           |          |      | NONE             |              |                   |              |
| T14        | OUTPUT_1[22] | High Range | IO_L14P_T2_SRCC_14           | OUTPUT      | LVCMOS18*   |      14 |         12 | SLOW |                     |            FP_VTT_50 |         | UNFIXED    |           |          |      | NONE             |              |                   |              |
| T15        | OUTPUT_1[21] | High Range | IO_L14N_T2_SRCC_14           | OUTPUT      | LVCMOS18*   |      14 |         12 | SLOW |                     |            FP_VTT_50 |         | UNFIXED    |           |          |      | NONE             |              |                   |              |
| T16        | OUTPUT_1[19] | High Range | IO_L15N_T2_DQS_DOUT_CSO_B_14 | OUTPUT      | LVCMOS18*   |      14 |         12 | SLOW |                     |            FP_VTT_50 |         | UNFIXED    |           |          |      | NONE             |              |                   |              |
| T17        |              |            | GND                          | GND         |             |         |            |      |                     |                      |     0.0 |            |           |          |      |                  |              |                   |              |
| T18        | OUTPUT_1[35] | High Range | IO_L7N_T1_D10_14             | OUTPUT      | LVCMOS18*   |      14 |         12 | SLOW |                     |            FP_VTT_50 |         | UNFIXED    |           |          |      | NONE             |              |                   |              |
| U1         | INPUT_1[36]  | High Range | IO_L7P_T1_34                 | INPUT       | LVCMOS18*   |      34 |            |      |                     |                 NONE |         | UNFIXED    |           |          |      | NONE             |              |                   |              |
| U2         | INPUT_1[32]  | High Range | IO_L9P_T1_DQS_34             | INPUT       | LVCMOS18*   |      34 |            |      |                     |                 NONE |         | UNFIXED    |           |          |      | NONE             |              |                   |              |
| U3         | INPUT_1[33]  | High Range | IO_L8N_T1_34                 | INPUT       | LVCMOS18*   |      34 |            |      |                     |                 NONE |         | UNFIXED    |           |          |      | NONE             |              |                   |              |
| U4         | INPUT_1[34]  | High Range | IO_L8P_T1_34                 | INPUT       | LVCMOS18*   |      34 |            |      |                     |                 NONE |         | UNFIXED    |           |          |      | NONE             |              |                   |              |
| U5         |              | High Range | VCCO_34                      | VCCO        |             |      34 |            |      |                     |                      |    1.80 |            |           |          |      |                  |              |                   |              |
| U6         | INPUT_1[5]   | High Range | IO_L22N_T3_34                | INPUT       | LVCMOS18*   |      34 |            |      |                     |                 NONE |         | UNFIXED    |           |          |      | NONE             |              |                   |              |
| U7         | INPUT_1[6]   | High Range | IO_L22P_T3_34                | INPUT       | LVCMOS18*   |      34 |            |      |                     |                 NONE |         | UNFIXED    |           |          |      | NONE             |              |                   |              |
| U8         | INPUT_1[0]   | High Range | IO_25_34                     | INPUT       | LVCMOS18*   |      34 |            |      |                     |                 NONE |         | UNFIXED    |           |          |      | NONE             |              |                   |              |
| U9         | INPUT_1[8]   | High Range | IO_L21P_T3_DQS_34            | INPUT       | LVCMOS18*   |      34 |            |      |                     |                 NONE |         | UNFIXED    |           |          |      | NONE             |              |                   |              |
| U10        |              |            | GND                          | GND         |             |         |            |      |                     |                      |     0.0 |            |           |          |      |                  |              |                   |              |
| U11        | OUTPUT_1[11] | High Range | IO_L19N_T3_A09_D25_VREF_14   | OUTPUT      | LVCMOS18*   |      14 |         12 | SLOW |                     |            FP_VTT_50 |         | UNFIXED    |           |          |      | NONE             |              |                   |              |
| U12        | OUTPUT_1[10] | High Range | IO_L20P_T3_A08_D24_14        | OUTPUT      | LVCMOS18*   |      14 |         12 | SLOW |                     |            FP_VTT_50 |         | UNFIXED    |           |          |      | NONE             |              |                   |              |
| U13        | OUTPUT_1[3]  | High Range | IO_L23N_T3_A02_D18_14        | OUTPUT      | LVCMOS18*   |      14 |         12 | SLOW |                     |            FP_VTT_50 |         | UNFIXED    |           |          |      | NONE             |              |                   |              |
| U14        | OUTPUT_1[6]  | High Range | IO_L22P_T3_A05_D21_14        | OUTPUT      | LVCMOS18*   |      14 |         12 | SLOW |                     |            FP_VTT_50 |         | UNFIXED    |           |          |      | NONE             |              |                   |              |
| U15        |              | High Range | VCCO_14                      | VCCO        |             |      14 |            |      |                     |                      |    1.80 |            |           |          |      |                  |              |                   |              |
| U16        | OUTPUT_1[14] | High Range | IO_L18P_T2_A12_D28_14        | OUTPUT      | LVCMOS18*   |      14 |         12 | SLOW |                     |            FP_VTT_50 |         | UNFIXED    |           |          |      | NONE             |              |                   |              |
| U17        | OUTPUT_1[16] | High Range | IO_L17P_T2_A14_D30_14        | OUTPUT      | LVCMOS18*   |      14 |         12 | SLOW |                     |            FP_VTT_50 |         | UNFIXED    |           |          |      | NONE             |              |                   |              |
| U18        | OUTPUT_1[15] | High Range | IO_L17N_T2_A13_D29_14        | OUTPUT      | LVCMOS18*   |      14 |         12 | SLOW |                     |            FP_VTT_50 |         | UNFIXED    |           |          |      | NONE             |              |                   |              |
| V1         | INPUT_1[35]  | High Range | IO_L7N_T1_34                 | INPUT       | LVCMOS18*   |      34 |            |      |                     |                 NONE |         | UNFIXED    |           |          |      | NONE             |              |                   |              |
| V2         | INPUT_1[31]  | High Range | IO_L9N_T1_DQS_34             | INPUT       | LVCMOS18*   |      34 |            |      |                     |                 NONE |         | UNFIXED    |           |          |      | NONE             |              |                   |              |
| V3         |              |            | GND                          | GND         |             |         |            |      |                     |                      |     0.0 |            |           |          |      |                  |              |                   |              |
| V4         | INPUT_1[29]  | High Range | IO_L10N_T1_34                | INPUT       | LVCMOS18*   |      34 |            |      |                     |                 NONE |         | UNFIXED    |           |          |      | NONE             |              |                   |              |
| V5         | INPUT_1[30]  | High Range | IO_L10P_T1_34                | INPUT       | LVCMOS18*   |      34 |            |      |                     |                 NONE |         | UNFIXED    |           |          |      | NONE             |              |                   |              |
| V6         | INPUT_1[9]   | High Range | IO_L20N_T3_34                | INPUT       | LVCMOS18*   |      34 |            |      |                     |                 NONE |         | UNFIXED    |           |          |      | NONE             |              |                   |              |
| V7         | INPUT_1[10]  | High Range | IO_L20P_T3_34                | INPUT       | LVCMOS18*   |      34 |            |      |                     |                 NONE |         | UNFIXED    |           |          |      | NONE             |              |                   |              |
| V8         |              | High Range | VCCO_34                      | VCCO        |             |      34 |            |      |                     |                      |    1.80 |            |           |          |      |                  |              |                   |              |
| V9         | INPUT_1[7]   | High Range | IO_L21N_T3_DQS_34            | INPUT       | LVCMOS18*   |      34 |            |      |                     |                 NONE |         | UNFIXED    |           |          |      | NONE             |              |                   |              |
| V10        | OUTPUT_1[8]  | High Range | IO_L21P_T3_DQS_14            | OUTPUT      | LVCMOS18*   |      14 |         12 | SLOW |                     |            FP_VTT_50 |         | UNFIXED    |           |          |      | NONE             |              |                   |              |
| V11        | OUTPUT_1[7]  | High Range | IO_L21N_T3_DQS_A06_D22_14    | OUTPUT      | LVCMOS18*   |      14 |         12 | SLOW |                     |            FP_VTT_50 |         | UNFIXED    |           |          |      | NONE             |              |                   |              |
| V12        | OUTPUT_1[9]  | High Range | IO_L20N_T3_A07_D23_14        | OUTPUT      | LVCMOS18*   |      14 |         12 | SLOW |                     |            FP_VTT_50 |         | UNFIXED    |           |          |      | NONE             |              |                   |              |
| V13        |              |            | GND                          | GND         |             |         |            |      |                     |                      |     0.0 |            |           |          |      |                  |              |                   |              |
| V14        | OUTPUT_1[5]  | High Range | IO_L22N_T3_A04_D20_14        | OUTPUT      | LVCMOS18*   |      14 |         12 | SLOW |                     |            FP_VTT_50 |         | UNFIXED    |           |          |      | NONE             |              |                   |              |
| V15        | OUTPUT_1[18] | High Range | IO_L16P_T2_CSI_B_14          | OUTPUT      | LVCMOS18*   |      14 |         12 | SLOW |                     |            FP_VTT_50 |         | UNFIXED    |           |          |      | NONE             |              |                   |              |
| V16        | OUTPUT_1[17] | High Range | IO_L16N_T2_A15_D31_14        | OUTPUT      | LVCMOS18*   |      14 |         12 | SLOW |                     |            FP_VTT_50 |         | UNFIXED    |           |          |      | NONE             |              |                   |              |
| V17        | OUTPUT_1[13] | High Range | IO_L18N_T2_A11_D27_14        | OUTPUT      | LVCMOS18*   |      14 |         12 | SLOW |                     |            FP_VTT_50 |         | UNFIXED    |           |          |      | NONE             |              |                   |              |
| V18        |              | High Range | VCCO_14                      | VCCO        |             |      14 |            |      |                     |                      |    1.80 |            |           |          |      |                  |              |                   |              |
+------------+--------------+------------+------------------------------+-------------+-------------+---------+------------+------+---------------------+----------------------+---------+------------+-----------+----------+------+------------------+--------------+-------------------+--------------+
* Default value
** Special VCCO requirements may apply. Please consult the device family datasheet for specific guideline on VCCO requirements.


